build/app/intermediates/manifest_merge_blame_file/debug/manifest-merger-blame-debug-report.txt
1<?xml version="1.0" encoding="utf-8"?>
2<manifest xmlns:android="http://schemas.android.com/apk/res/android"
3    package="com.example.stripe_payment_reusable"
4    android:versionCode="1"
5    android:versionName="1.0.0" >
6
7    <uses-sdk
8        android:minSdkVersion="21"
9        android:targetSdkVersion="30" />
10    <!--
11         Flutter needs it to communicate with the running application
12         to allow setting breakpoints, to provide hot reload, etc.
13    -->
14    <uses-permission android:name="android.permission.INTERNET" />
14-->src/debug/AndroidManifest.xml:6:5-66
14-->src/debug/AndroidManifest.xml:6:22-64
15    <!-- See https://developer.android.com/training/package-visibility/declaring for more details. -->
16    <queries>
16-->[com.stripe:payments-core:16.10.0] AndroidManifest.xml:10:5-14:15
17
18        <!-- Added to check if Chrome is installed for browser-based payment authentication (e.g. 3DS1). -->
19        <package android:name="com.android.chrome" />
19-->[com.stripe:payments-core:16.10.0] AndroidManifest.xml:13:9-54
19-->[com.stripe:payments-core:16.10.0] AndroidManifest.xml:13:18-51
20    </queries> <!-- Include required permissions for Google Maps API to run. -->
21    <uses-permission android:name="android.permission.ACCESS_NETWORK_STATE" />
21-->[com.google.android.gms:play-services-maps:17.0.0] AndroidManifest.xml:23:5-79
21-->[com.google.android.gms:play-services-maps:17.0.0] AndroidManifest.xml:23:22-76
22
23    <uses-feature
23-->[com.google.android.gms:play-services-maps:17.0.0] AndroidManifest.xml:26:5-28:35
24        android:glEsVersion="0x00020000"
24-->[com.google.android.gms:play-services-maps:17.0.0] AndroidManifest.xml:27:9-41
25        android:required="true" />
25-->[com.google.android.gms:play-services-maps:17.0.0] AndroidManifest.xml:28:9-32
26
27    <application
27-->src/main/AndroidManifest.xml:3:4-40:19
28        android:appComponentFactory="androidx.core.app.CoreComponentFactory"
28-->[androidx.core:core:1.5.0] AndroidManifest.xml:24:18-86
29        android:debuggable="true"
30        android:icon="@mipmap/ic_launcher"
30-->src/main/AndroidManifest.xml:5:9-43
31        android:label="stripe_payment_reusable"
31-->src/main/AndroidManifest.xml:4:9-48
32        android:theme="@style/Theme.AppCompat.Light.NoActionBar" >
32-->[:stripe_payment] AndroidManifest.xml:11:18-74
33        <activity
33-->src/main/AndroidManifest.xml:6:9-34:20
34            android:name="com.example.stripe_payment_reusable.MainActivity"
34-->src/main/AndroidManifest.xml:7:13-41
35            android:configChanges="orientation|keyboardHidden|keyboard|screenSize|smallestScreenSize|locale|layoutDirection|fontScale|screenLayout|density|uiMode"
35-->src/main/AndroidManifest.xml:10:13-163
36            android:hardwareAccelerated="true"
36-->src/main/AndroidManifest.xml:11:13-47
37            android:launchMode="singleTop"
37-->src/main/AndroidManifest.xml:8:13-43
38            android:theme="@style/LaunchTheme"
38-->src/main/AndroidManifest.xml:9:13-47
39            android:windowSoftInputMode="adjustResize" >
39-->src/main/AndroidManifest.xml:12:13-55
40
41            <!--
42                 Specifies an Android theme to apply to this Activity as soon as
43                 the Android process has started. This theme is visible to the user
44                 while the Flutter UI initializes. After that, this theme continues
45                 to determine the Window background behind the Flutter UI.
46            -->
47            <meta-data
47-->src/main/AndroidManifest.xml:17:13-20:17
48                android:name="io.flutter.embedding.android.NormalTheme"
48-->src/main/AndroidManifest.xml:18:15-70
49                android:resource="@style/NormalTheme" />
49-->src/main/AndroidManifest.xml:19:15-52
50            <!--
51                 Displays an Android View that continues showing the launch screen
52                 Drawable until Flutter paints its first frame, then this splash
53                 screen fades out. A splash screen is useful to avoid any visual
54                 gap between the end of Android's launch screen and the painting of
55                 Flutter's first frame.
56            -->
57            <meta-data
57-->src/main/AndroidManifest.xml:26:13-29:17
58                android:name="io.flutter.embedding.android.SplashScreenDrawable"
58-->src/main/AndroidManifest.xml:27:15-79
59                android:resource="@drawable/launch_background" />
59-->src/main/AndroidManifest.xml:28:15-61
60
61            <intent-filter>
61-->src/main/AndroidManifest.xml:30:13-33:29
62                <action android:name="android.intent.action.MAIN" />
62-->src/main/AndroidManifest.xml:31:17-68
62-->src/main/AndroidManifest.xml:31:25-66
63
64                <category android:name="android.intent.category.LAUNCHER" />
64-->src/main/AndroidManifest.xml:32:17-76
64-->src/main/AndroidManifest.xml:32:27-74
65            </intent-filter>
66        </activity>
67        <!--
68             Don't delete the meta-data below.
69             This is used by the Flutter tool to generate GeneratedPluginRegistrant.java
70        -->
71        <meta-data
71-->src/main/AndroidManifest.xml:37:9-39:33
72            android:name="flutterEmbedding"
72-->src/main/AndroidManifest.xml:38:13-44
73            android:value="2" />
73-->src/main/AndroidManifest.xml:39:13-30
74        <meta-data
74-->[:stripe_payment] AndroidManifest.xml:12:9-14:36
75            android:name="com.google.android.gms.wallet.api.enabled"
75-->[:stripe_payment] AndroidManifest.xml:13:13-69
76            android:value="true" />
76-->[:stripe_payment] AndroidManifest.xml:14:13-33
77
78        <activity
78-->[:stripe_payment] AndroidManifest.xml:16:9-20:75
79            android:name="com.gettipsi.stripe.OpenBrowserActivity"
79-->[:stripe_payment] AndroidManifest.xml:17:13-67
80            android:exported="false"
80-->[:stripe_payment] AndroidManifest.xml:18:13-37
81            android:launchMode="singleTask"
81-->[:stripe_payment] AndroidManifest.xml:19:13-44
82            android:theme="@android:style/Theme.Translucent.NoTitleBar" />
82-->[:stripe_payment] AndroidManifest.xml:20:13-72
83        <activity
83-->[:stripe_payment] AndroidManifest.xml:21:9-34:20
84            android:name="com.gettipsi.stripe.RedirectUriReceiver"
84-->[:stripe_payment] AndroidManifest.xml:22:13-67
85            android:exported="true"
85-->[:stripe_payment] AndroidManifest.xml:23:13-36
86            android:launchMode="singleTask"
86-->[:stripe_payment] AndroidManifest.xml:24:13-44
87            android:theme="@android:style/Theme.Translucent.NoTitleBar.Fullscreen" >
87-->[:stripe_payment] AndroidManifest.xml:25:13-83
88            <intent-filter>
88-->[:stripe_payment] AndroidManifest.xml:26:13-33:29
89                <action android:name="android.intent.action.VIEW" />
89-->[:stripe_payment] AndroidManifest.xml:27:17-69
89-->[:stripe_payment] AndroidManifest.xml:27:25-66
90
91                <category android:name="android.intent.category.DEFAULT" />
91-->[:stripe_payment] AndroidManifest.xml:29:17-76
91-->[:stripe_payment] AndroidManifest.xml:29:27-73
92                <category android:name="android.intent.category.BROWSABLE" />
92-->[:stripe_payment] AndroidManifest.xml:30:17-78
92-->[:stripe_payment] AndroidManifest.xml:30:27-75
93
94                <data android:scheme="example" />
94-->[:stripe_payment] AndroidManifest.xml:32:17-50
94-->[:stripe_payment] AndroidManifest.xml:32:23-47
95            </intent-filter>
96        </activity>
97        <activity
97-->[com.stripe:payments-core:16.10.0] AndroidManifest.xml:17:9-19:57
98            android:name="com.stripe.android.view.AddPaymentMethodActivity"
98-->[com.stripe:payments-core:16.10.0] AndroidManifest.xml:18:13-76
99            android:theme="@style/StripeDefaultTheme" />
99-->[com.stripe:payments-core:16.10.0] AndroidManifest.xml:19:13-54
100        <activity
100-->[com.stripe:payments-core:16.10.0] AndroidManifest.xml:20:9-22:57
101            android:name="com.stripe.android.view.PaymentMethodsActivity"
101-->[com.stripe:payments-core:16.10.0] AndroidManifest.xml:21:13-74
102            android:theme="@style/StripeDefaultTheme" />
102-->[com.stripe:payments-core:16.10.0] AndroidManifest.xml:22:13-54
103        <activity
103-->[com.stripe:payments-core:16.10.0] AndroidManifest.xml:23:9-25:57
104            android:name="com.stripe.android.view.PaymentFlowActivity"
104-->[com.stripe:payments-core:16.10.0] AndroidManifest.xml:24:13-71
105            android:theme="@style/StripeDefaultTheme" />
105-->[com.stripe:payments-core:16.10.0] AndroidManifest.xml:25:13-54
106        <activity
106-->[com.stripe:payments-core:16.10.0] AndroidManifest.xml:26:9-29:58
107            android:name="com.stripe.android.view.PaymentAuthWebViewActivity"
107-->[com.stripe:payments-core:16.10.0] AndroidManifest.xml:27:13-78
108            android:theme="@style/StripeDefaultTheme"
108-->[com.stripe:payments-core:16.10.0] AndroidManifest.xml:28:13-54
109            android:windowSoftInputMode="adjustResize" />
109-->[com.stripe:payments-core:16.10.0] AndroidManifest.xml:29:13-55
110        <activity
110-->[com.stripe:payments-core:16.10.0] AndroidManifest.xml:30:9-32:61
111            android:name="com.stripe.android.view.PaymentRelayActivity"
111-->[com.stripe:payments-core:16.10.0] AndroidManifest.xml:31:13-72
112            android:theme="@style/StripeTransparentTheme" />
112-->[com.stripe:payments-core:16.10.0] AndroidManifest.xml:32:13-58
113        <!--
114        Set android:launchMode="singleTop" so that the StripeBrowserLauncherActivity instance that
115        launched the browser Activity will also handle the return URL deep link.
116        -->
117        <activity
117-->[com.stripe:payments-core:16.10.0] AndroidManifest.xml:38:9-54:20
118            android:name="com.stripe.android.payments.StripeBrowserLauncherActivity"
118-->[com.stripe:payments-core:16.10.0] AndroidManifest.xml:39:13-85
119            android:launchMode="singleTop"
119-->[com.stripe:payments-core:16.10.0] AndroidManifest.xml:40:13-43
120            android:theme="@style/StripeTransparentTheme" >
120-->[com.stripe:payments-core:16.10.0] AndroidManifest.xml:41:13-58
121            <intent-filter>
121-->[com.stripe:payments-core:16.10.0] AndroidManifest.xml:42:13-53:29
122                <action android:name="android.intent.action.VIEW" />
122-->[:stripe_payment] AndroidManifest.xml:27:17-69
122-->[:stripe_payment] AndroidManifest.xml:27:25-66
123
124                <category android:name="android.intent.category.DEFAULT" />
124-->[:stripe_payment] AndroidManifest.xml:29:17-76
124-->[:stripe_payment] AndroidManifest.xml:29:27-73
125                <category android:name="android.intent.category.BROWSABLE" />
125-->[:stripe_payment] AndroidManifest.xml:30:17-78
125-->[:stripe_payment] AndroidManifest.xml:30:27-75
126
127                <!-- Must match `DefaultReturnUrl#value`. -->
128                <data
128-->[:stripe_payment] AndroidManifest.xml:32:17-50
129                    android:host="payment_return_url"
130                    android:path="/com.example.stripe_payment_reusable"
131                    android:scheme="stripesdk" />
131-->[:stripe_payment] AndroidManifest.xml:32:23-47
132            </intent-filter>
133        </activity>
134        <activity
134-->[com.stripe:payments-core:16.10.0] AndroidManifest.xml:55:9-57:57
135            android:name="com.stripe.android.view.Stripe3ds2CompletionActivity"
135-->[com.stripe:payments-core:16.10.0] AndroidManifest.xml:56:13-80
136            android:theme="@style/StripeDefaultTheme" />
136-->[com.stripe:payments-core:16.10.0] AndroidManifest.xml:57:13-54
137        <activity
137-->[com.stripe:payments-core:16.10.0] AndroidManifest.xml:58:9-60:69
138            android:name="com.stripe.android.paymentsheet.PaymentSheetActivity"
138-->[com.stripe:payments-core:16.10.0] AndroidManifest.xml:59:13-80
139            android:theme="@style/StripePaymentSheetDefaultTheme" />
139-->[com.stripe:payments-core:16.10.0] AndroidManifest.xml:60:13-66
140        <activity
140-->[com.stripe:payments-core:16.10.0] AndroidManifest.xml:61:9-63:69
141            android:name="com.stripe.android.paymentsheet.PaymentOptionsActivity"
141-->[com.stripe:payments-core:16.10.0] AndroidManifest.xml:62:13-82
142            android:theme="@style/StripePaymentSheetDefaultTheme" />
142-->[com.stripe:payments-core:16.10.0] AndroidManifest.xml:63:13-66
143        <activity
143-->[com.stripe:payments-core:16.10.0] AndroidManifest.xml:64:9-66:66
144            android:name="com.stripe.android.googlepay.StripeGooglePayActivity"
144-->[com.stripe:payments-core:16.10.0] AndroidManifest.xml:65:13-80
145            android:theme="@style/StripeGooglePayDefaultTheme" />
145-->[com.stripe:payments-core:16.10.0] AndroidManifest.xml:66:13-63
146        <activity
146-->[com.stripe:stripe-3ds2-android:5.3.1] AndroidManifest.xml:10:9-12:54
147            android:name="com.stripe.android.stripe3ds2.views.ChallengeActivity"
147-->[com.stripe:stripe-3ds2-android:5.3.1] AndroidManifest.xml:11:13-81
148            android:theme="@style/Stripe3DS2Theme" />
148-->[com.stripe:stripe-3ds2-android:5.3.1] AndroidManifest.xml:12:13-51
149        <activity
149-->[com.stripe:stripe-3ds2-android:5.3.1] AndroidManifest.xml:13:9-15:54
150            android:name="com.stripe.android.stripe3ds2.views.ChallengeProgressActivity"
150-->[com.stripe:stripe-3ds2-android:5.3.1] AndroidManifest.xml:14:13-89
151            android:theme="@style/Stripe3DS2Theme" /> <!-- Needs to be explicitly declared on P+ -->
151-->[com.stripe:stripe-3ds2-android:5.3.1] AndroidManifest.xml:15:13-51
152        <uses-library
152-->[com.google.android.gms:play-services-maps:17.0.0] AndroidManifest.xml:33:9-35:40
153            android:name="org.apache.http.legacy"
153-->[com.google.android.gms:play-services-maps:17.0.0] AndroidManifest.xml:34:13-50
154            android:required="false" />
154-->[com.google.android.gms:play-services-maps:17.0.0] AndroidManifest.xml:35:13-37
155
156        <activity
156-->[com.google.android.gms:play-services-base:17.5.0] AndroidManifest.xml:23:9-26:75
157            android:name="com.google.android.gms.common.api.GoogleApiActivity"
157-->[com.google.android.gms:play-services-base:17.5.0] AndroidManifest.xml:24:13-79
158            android:exported="false"
158-->[com.google.android.gms:play-services-base:17.5.0] AndroidManifest.xml:25:13-37
159            android:theme="@android:style/Theme.Translucent.NoTitleBar" />
159-->[com.google.android.gms:play-services-base:17.5.0] AndroidManifest.xml:26:13-72
160
161        <meta-data
161-->[com.google.android.gms:play-services-basement:17.5.0] AndroidManifest.xml:23:9-25:69
162            android:name="com.google.android.gms.version"
162-->[com.google.android.gms:play-services-basement:17.5.0] AndroidManifest.xml:24:13-58
163            android:value="@integer/google_play_services_version" />
163-->[com.google.android.gms:play-services-basement:17.5.0] AndroidManifest.xml:25:13-66
164    </application>
165
166</manifest>